<?xml version="1.0" encoding="utf-8"?><testsuites name="pytest tests"><testsuite name="pytest" errors="0" failures="0" skipped="0" tests="25" time="3.812" timestamp="2026-04-01T02:13:05.225032+00:00" hostname="agent-env-6e21d941-5bb4-4281-aff8-84baba7ac658"><testcase classname="tests.test_blog_feature.TestBlogCategories" name="test_get_categories_returns_7_categories" time="0.147" /><testcase classname="tests.test_blog_feature.TestPublicBlogPosts" name="test_public_posts_returns_200" time="0.127" /><testcase classname="tests.test_blog_feature.TestPublicBlogPosts" name="test_public_posts_with_category_filter" time="0.309" /><testcase classname="tests.test_blog_feature.TestPublicBlogPosts" name="test_public_posts_pagination" time="0.126" /><testcase classname="tests.test_blog_feature.TestAuthenticatedBlogPosts" name="test_posts_without_auth_returns_401" time="0.149" /><testcase classname="tests.test_blog_feature.TestAuthenticatedBlogPosts" name="test_posts_by_slug_without_auth_returns_401" time="0.156" /><testcase classname="tests.test_blog_feature.TestBlogPostCRUD" name="test_create_post_without_auth_returns_401" time="0.123" /><testcase classname="tests.test_blog_feature.TestBlogPostCRUD" name="test_update_post_without_auth_returns_401" time="0.154" /><testcase classname="tests.test_blog_feature.TestBlogPostCRUD" name="test_delete_post_without_auth_returns_401" time="0.124" /><testcase classname="tests.test_blog_feature.TestBlogComments" name="test_get_comments_without_auth_returns_401" time="0.141" /><testcase classname="tests.test_blog_feature.TestBlogComments" name="test_add_comment_without_auth_returns_401" time="0.131" /><testcase classname="tests.test_blog_feature.TestBlogComments" name="test_delete_comment_without_auth_returns_401" time="0.142" /><testcase classname="tests.test_blog_feature.TestPublicPostBySlug" name="test_public_post_by_slug_not_found" time="0.128" /><testcase classname="tests.test_blog_feature.TestBlogMyPosts" name="test_my_posts_without_auth_returns_401" time="0.134" /><testcase classname="tests.test_blog_feature.TestAuthenticatedBlogCRUD" name="test_01_get_posts_with_auth" time="0.131" /><testcase classname="tests.test_blog_feature.TestAuthenticatedBlogCRUD" name="test_02_create_post_faculty" time="0.123" /><testcase classname="tests.test_blog_feature.TestAuthenticatedBlogCRUD" name="test_03_get_post_by_slug" time="0.129" /><testcase classname="tests.test_blog_feature.TestAuthenticatedBlogCRUD" name="test_04_public_post_appears_in_public_endpoint" time="0.121" /><testcase classname="tests.test_blog_feature.TestAuthenticatedBlogCRUD" name="test_05_add_comment" time="0.145" /><testcase classname="tests.test_blog_feature.TestAuthenticatedBlogCRUD" name="test_06_get_comments" time="0.144" /><testcase classname="tests.test_blog_feature.TestAuthenticatedBlogCRUD" name="test_07_update_post" time="0.129" /><testcase classname="tests.test_blog_feature.TestAuthenticatedBlogCRUD" name="test_08_delete_comment" time="0.142" /><testcase classname="tests.test_blog_feature.TestAuthenticatedBlogCRUD" name="test_09_delete_post" time="0.136" /><testcase classname="tests.test_blog_feature.TestAuthenticatedBlogCRUD" name="test_10_deleted_post_not_in_public" time="0.143" /><testcase classname="tests.test_blog_feature.TestStudentCannotCreatePost" name="test_student_create_post_returns_403" time="0.137" /></testsuite></testsuites>