<?xml version="1.0" encoding="utf-8"?><testsuites name="pytest tests"><testsuite name="pytest" errors="0" failures="0" skipped="0" tests="28" time="6.787" timestamp="2026-03-31T04:28:48.276924+00:00" hostname="agent-env-6e21d941-5bb4-4281-aff8-84baba7ac658"><testcase classname="tests.test_cohorts_spaces_community_archives.TestCohortsCRUD" name="test_create_cohort_requires_auth" time="0.230" /><testcase classname="tests.test_cohorts_spaces_community_archives.TestCohortsCRUD" name="test_create_cohort_requires_faculty" time="0.141" /><testcase classname="tests.test_cohorts_spaces_community_archives.TestCohortsCRUD" name="test_create_cohort_success" time="0.124" /><testcase classname="tests.test_cohorts_spaces_community_archives.TestCohortsCRUD" name="test_list_cohorts" time="0.142" /><testcase classname="tests.test_cohorts_spaces_community_archives.TestCohortsCRUD" name="test_get_cohort_detail" time="0.256" /><testcase classname="tests.test_cohorts_spaces_community_archives.TestCohortMembership" name="test_join_cohort" time="0.239" /><testcase classname="tests.test_cohorts_spaces_community_archives.TestCohortMembership" name="test_leave_cohort" time="0.395" /><testcase classname="tests.test_cohorts_spaces_community_archives.TestCohortCourseLinking" name="test_link_course_to_cohort" time="0.250" /><testcase classname="tests.test_cohorts_spaces_community_archives.TestCohortCourseLinking" name="test_unlink_course_from_cohort" time="0.362" /><testcase classname="tests.test_cohorts_spaces_community_archives.TestSpacesCRUD" name="test_create_space_requires_auth" time="0.114" /><testcase classname="tests.test_cohorts_spaces_community_archives.TestSpacesCRUD" name="test_create_space_requires_faculty" time="0.127" /><testcase classname="tests.test_cohorts_spaces_community_archives.TestSpacesCRUD" name="test_create_space_success" time="0.148" /><testcase classname="tests.test_cohorts_spaces_community_archives.TestSpacesCRUD" name="test_list_spaces_shows_members_only_for_discovery" time="0.257" /><testcase classname="tests.test_cohorts_spaces_community_archives.TestSpacesCRUD" name="test_delete_space_owner_only" time="0.381" /><testcase classname="tests.test_cohorts_spaces_community_archives.TestSpacesAccessControl" name="test_request_access" time="0.239" /><testcase classname="tests.test_cohorts_spaces_community_archives.TestSpacesAccessControl" name="test_approve_access" time="0.423" /><testcase classname="tests.test_cohorts_spaces_community_archives.TestSpacesResources" name="test_add_resource_to_space" time="0.248" /><testcase classname="tests.test_cohorts_spaces_community_archives.TestCommunityPosts" name="test_create_post_requires_auth" time="0.133" /><testcase classname="tests.test_cohorts_spaces_community_archives.TestCommunityPosts" name="test_create_post_success" time="0.125" /><testcase classname="tests.test_cohorts_spaces_community_archives.TestCommunityPosts" name="test_list_posts" time="0.113" /><testcase classname="tests.test_cohorts_spaces_community_archives.TestCommunityReplies" name="test_reply_to_post" time="0.247" /><testcase classname="tests.test_cohorts_spaces_community_archives.TestCommunityLikes" name="test_like_post_toggle" time="0.596" /><testcase classname="tests.test_cohorts_spaces_community_archives.TestArchivesCRUD" name="test_create_archive_requires_auth" time="0.129" /><testcase classname="tests.test_cohorts_spaces_community_archives.TestArchivesCRUD" name="test_create_archive_requires_faculty" time="0.122" /><testcase classname="tests.test_cohorts_spaces_community_archives.TestArchivesCRUD" name="test_create_archive_success" time="0.139" /><testcase classname="tests.test_cohorts_spaces_community_archives.TestArchivesCRUD" name="test_list_archives_filtered_for_students" time="0.456" /><testcase classname="tests.test_cohorts_spaces_community_archives.TestArchivesCRUD" name="test_delete_archive_admin_only" time="0.375" /><testcase classname="tests.test_cohorts_spaces_community_archives.TestCleanup" name="test_cleanup_test_data" time="0.006" /></testsuite></testsuites>