<?xml version="1.0" encoding="utf-8"?><testsuites name="pytest tests"><testsuite name="pytest" errors="0" failures="0" skipped="0" tests="17" time="3.938" timestamp="2026-03-31T03:21:59.171417+00:00" hostname="agent-env-6e21d941-5bb4-4281-aff8-84baba7ac658"><testcase classname="tests.test_file_attachments.TestFileUpload" name="test_faculty_can_upload_txt_file" time="0.325" /><testcase classname="tests.test_file_attachments.TestFileUpload" name="test_upload_requires_auth" time="0.144" /><testcase classname="tests.test_file_attachments.TestFileUpload" name="test_upload_invalid_file_type" time="0.134" /><testcase classname="tests.test_file_attachments.TestFileList" name="test_list_files_by_course_id" time="0.269" /><testcase classname="tests.test_file_attachments.TestFileList" name="test_list_files_by_lesson_id" time="0.253" /><testcase classname="tests.test_file_attachments.TestFileList" name="test_list_files_requires_auth" time="0.270" /><testcase classname="tests.test_file_attachments.TestFileDownload" name="test_download_file_without_auth" time="0.344" /><testcase classname="tests.test_file_attachments.TestFileDownload" name="test_download_file_with_auth" time="0.270" /><testcase classname="tests.test_file_attachments.TestFileDownload" name="test_download_nonexistent_file" time="0.260" /><testcase classname="tests.test_file_attachments.TestFileDelete" name="test_owner_can_delete_file" time="0.443" /><testcase classname="tests.test_file_attachments.TestFileDelete" name="test_non_owner_cannot_delete_file" time="0.260" /><testcase classname="tests.test_file_attachments.TestFileDelete" name="test_delete_requires_auth" time="0.139" /><testcase classname="tests.test_file_attachments.TestFileDelete" name="test_delete_nonexistent_file" time="0.128" /><testcase classname="tests.test_file_attachments.TestLessonCreation" name="test_instructor_can_create_lesson" time="0.189" /><testcase classname="tests.test_file_attachments.TestLessonCreation" name="test_student_cannot_create_lesson" time="0.122" /><testcase classname="tests.test_file_attachments.TestLessonCreation" name="test_list_lessons_for_course" time="0.145" /><testcase classname="tests.test_file_attachments.TestFileAttachmentsCleanup" name="test_cleanup_test_data" time="0.003" /></testsuite></testsuites>