<?xml version="1.0" encoding="utf-8"?><testsuites name="pytest tests"><testsuite name="pytest" errors="0" failures="0" skipped="0" tests="25" time="4.514" timestamp="2026-03-31T03:33:35.222255+00:00" hostname="agent-env-6e21d941-5bb4-4281-aff8-84baba7ac658"><testcase classname="tests.test_google_integration.TestGoogleAuthEndpoints" name="test_auth_url_requires_auth" time="0.511" /><testcase classname="tests.test_google_integration.TestGoogleAuthEndpoints" name="test_auth_url_returns_google_oauth_url" time="0.300" /><testcase classname="tests.test_google_integration.TestGoogleAuthEndpoints" name="test_status_requires_auth" time="0.126" /><testcase classname="tests.test_google_integration.TestGoogleAuthEndpoints" name="test_status_returns_not_connected_by_default" time="0.121" /><testcase classname="tests.test_google_integration.TestGoogleAuthEndpoints" name="test_disconnect_requires_auth" time="0.120" /><testcase classname="tests.test_google_integration.TestGoogleAuthEndpoints" name="test_disconnect_succeeds_even_when_not_connected" time="0.124" /><testcase classname="tests.test_google_integration.TestGoogleCallbackEndpoint" name="test_callback_with_error_redirects" time="0.138" /><testcase classname="tests.test_google_integration.TestGoogleCallbackEndpoint" name="test_callback_without_code_redirects_with_error" time="0.132" /><testcase classname="tests.test_google_integration.TestGoogleCallbackEndpoint" name="test_callback_with_invalid_code_redirects_with_error" time="0.234" /><testcase classname="tests.test_google_integration.TestGoogleSlidesEndpoints" name="test_slides_requires_auth" time="0.121" /><testcase classname="tests.test_google_integration.TestGoogleSlidesEndpoints" name="test_slides_requires_google_connection" time="0.130" /><testcase classname="tests.test_google_integration.TestGoogleSlidesEndpoints" name="test_import_slide_requires_auth" time="0.148" /><testcase classname="tests.test_google_integration.TestGoogleSlidesEndpoints" name="test_import_slide_requires_google_connection" time="0.122" /><testcase classname="tests.test_google_integration.TestGoogleSlidesEndpoints" name="test_import_slide_requires_faculty_role" time="0.127" /><testcase classname="tests.test_google_integration.TestGoogleDocsEndpoints" name="test_docs_requires_auth" time="0.150" /><testcase classname="tests.test_google_integration.TestGoogleDocsEndpoints" name="test_docs_requires_google_connection" time="0.118" /><testcase classname="tests.test_google_integration.TestGoogleDocsEndpoints" name="test_import_doc_requires_auth" time="0.122" /><testcase classname="tests.test_google_integration.TestGoogleDocsEndpoints" name="test_import_doc_requires_google_connection" time="0.143" /><testcase classname="tests.test_google_integration.TestGoogleDocsEndpoints" name="test_import_doc_requires_faculty_role" time="0.142" /><testcase classname="tests.test_google_integration.TestGoogleConnectionStatus" name="test_status_returns_connected_when_token_exists" time="0.130" /><testcase classname="tests.test_google_integration.TestGoogleConnectionStatus" name="test_disconnect_removes_token" time="0.366" /><testcase classname="tests.test_google_integration.TestRegressionFileAttachments" name="test_file_upload_endpoint_exists" time="0.132" /><testcase classname="tests.test_google_integration.TestRegressionFileAttachments" name="test_file_list_endpoint_exists" time="0.258" /><testcase classname="tests.test_google_integration.TestRegressionLessonCreation" name="test_lesson_creation_endpoint_exists" time="0.169" /><testcase classname="tests.test_google_integration.TestCleanup" name="test_cleanup_test_data" time="0.003" /></testsuite></testsuites>