<?xml version="1.0" encoding="utf-8"?><testsuites name="pytest tests"><testsuite name="pytest" errors="0" failures="0" skipped="0" tests="19" time="3.162" timestamp="2026-03-31T04:45:52.845221+00:00" hostname="agent-env-6e21d941-5bb4-4281-aff8-84baba7ac658"><testcase classname="tests.test_new_features_iteration8.TestCohortProgressDashboard" name="test_cohort_detail_returns_enriched_members_structure" time="0.938" /><testcase classname="tests.test_new_features_iteration8.TestCohortProgressDashboard" name="test_students_join_cohort" time="0.158" /><testcase classname="tests.test_new_features_iteration8.TestCohortProgressDashboard" name="test_students_enroll_in_courses" time="0.294" /><testcase classname="tests.test_new_features_iteration8.TestCohortProgressDashboard" name="test_complete_lessons_creates_progress" time="0.311" /><testcase classname="tests.test_new_features_iteration8.TestCohortProgressDashboard" name="test_cohort_detail_shows_member_progress" time="0.049" /><testcase classname="tests.test_new_features_iteration8.TestCohortProgressDashboard" name="test_per_course_enrollment_data" time="0.057" /><testcase classname="tests.test_new_features_iteration8.TestCohortProgressDashboard" name="test_leaderboard_sorting" time="0.202" /><testcase classname="tests.test_new_features_iteration8.TestLessonContentViewer" name="test_create_lesson_with_markdown_content" time="0.098" /><testcase classname="tests.test_new_features_iteration8.TestLessonContentViewer" name="test_create_lesson_with_youtube_url" time="0.049" /><testcase classname="tests.test_new_features_iteration8.TestLessonContentViewer" name="test_create_lesson_with_vimeo_url" time="0.048" /><testcase classname="tests.test_new_features_iteration8.TestLessonContentViewer" name="test_create_lesson_with_google_slides" time="0.047" /><testcase classname="tests.test_new_features_iteration8.TestLessonContentViewer" name="test_create_lesson_with_google_docs" time="0.048" /><testcase classname="tests.test_new_features_iteration8.TestLessonContentViewer" name="test_get_lessons_returns_content" time="0.100" /><testcase classname="tests.test_new_features_iteration8.TestBrandedBackgrounds" name="test_backgrounds_file_has_9_backgrounds" time="0.001" /><testcase classname="tests.test_new_features_iteration8.TestBrandedBackgrounds" name="test_new_backgrounds_have_correct_names" time="0.001" /><testcase classname="tests.test_new_features_iteration8.TestCohortCRUD" name="test_create_cohort_requires_faculty" time="0.052" /><testcase classname="tests.test_new_features_iteration8.TestCohortCRUD" name="test_create_cohort_success" time="0.098" /><testcase classname="tests.test_new_features_iteration8.TestCohortCRUD" name="test_link_course_to_cohort" time="0.359" /><testcase classname="tests.test_new_features_iteration8.TestCleanup" name="test_cleanup_test_data" time="0.009" /></testsuite></testsuites>