<?xml version="1.0" encoding="utf-8"?><testsuites name="pytest tests"><testsuite name="pytest" errors="0" failures="0" skipped="0" tests="22" time="2.663" timestamp="2026-04-01T01:23:44.493299+00:00" hostname="agent-env-6e21d941-5bb4-4281-aff8-84baba7ac658"><testcase classname="backend.tests.test_iteration13_features.TestCertificatesEndpoints" name="test_my_certificates_requires_auth" time="0.212" /><testcase classname="backend.tests.test_iteration13_features.TestCertificatesEndpoints" name="test_my_certificates_returns_list" time="0.156" /><testcase classname="backend.tests.test_iteration13_features.TestCertificatesEndpoints" name="test_check_certificate_requires_auth" time="0.135" /><testcase classname="backend.tests.test_iteration13_features.TestCertificatesEndpoints" name="test_check_certificate_not_enrolled" time="0.063" /><testcase classname="backend.tests.test_iteration13_features.TestCertificatesEndpoints" name="test_download_certificate_requires_auth" time="0.135" /><testcase classname="backend.tests.test_iteration13_features.TestCertificatesEndpoints" name="test_download_certificate_not_enrolled" time="0.062" /><testcase classname="backend.tests.test_iteration13_features.TestPushNotificationEndpoints" name="test_vapid_key_public" time="0.345" /><testcase classname="backend.tests.test_iteration13_features.TestPushNotificationEndpoints" name="test_push_status_requires_auth" time="0.133" /><testcase classname="backend.tests.test_iteration13_features.TestPushNotificationEndpoints" name="test_push_status_returns_subscribed" time="0.062" /><testcase classname="backend.tests.test_iteration13_features.TestPushNotificationEndpoints" name="test_push_subscribe_requires_auth" time="0.156" /><testcase classname="backend.tests.test_iteration13_features.TestPushNotificationEndpoints" name="test_push_subscribe_requires_subscription_data" time="0.061" /><testcase classname="backend.tests.test_iteration13_features.TestPushNotificationEndpoints" name="test_push_subscribe_accepts_subscription" time="0.057" /><testcase classname="backend.tests.test_iteration13_features.TestPushNotificationEndpoints" name="test_push_unsubscribe" time="0.052" /><testcase classname="backend.tests.test_iteration13_features.TestSearchEndpoint" name="test_search_requires_auth" time="0.132" /><testcase classname="backend.tests.test_iteration13_features.TestSearchEndpoint" name="test_search_returns_structured_results" time="0.091" /><testcase classname="backend.tests.test_iteration13_features.TestSearchEndpoint" name="test_search_short_query_returns_empty" time="0.054" /><testcase classname="backend.tests.test_iteration13_features.TestSearchEndpoint" name="test_search_with_type_filter" time="0.056" /><testcase classname="backend.tests.test_iteration13_features.TestSearchEndpoint" name="test_search_with_sort" time="0.056" /><testcase classname="backend.tests.test_iteration13_features.TestRegressionEndpoints" name="test_root_endpoint" time="0.142" /><testcase classname="backend.tests.test_iteration13_features.TestRegressionEndpoints" name="test_auth_me_requires_auth" time="0.127" /><testcase classname="backend.tests.test_iteration13_features.TestRegressionEndpoints" name="test_auth_me_returns_user" time="0.053" /><testcase classname="backend.tests.test_iteration13_features.TestRegressionEndpoints" name="test_courses_list" time="0.063" /></testsuite></testsuites>