<?xml version="1.0" encoding="utf-8"?><testsuites name="pytest tests"><testsuite name="pytest" errors="0" failures="0" skipped="0" tests="27" time="3.233" timestamp="2026-03-31T05:21:40.376523+00:00" hostname="agent-env-6e21d941-5bb4-4281-aff8-84baba7ac658"><testcase classname="tests.test_iteration9_features.TestSubscriptionTiers" name="test_get_tiers_returns_three_tiers" time="0.231" /><testcase classname="tests.test_iteration9_features.TestSubscriptionTiers" name="test_explorer_tier_is_free" time="0.049" /><testcase classname="tests.test_iteration9_features.TestSubscriptionTiers" name="test_scholar_tier_price" time="0.057" /><testcase classname="tests.test_iteration9_features.TestSubscriptionTiers" name="test_elder_circle_tier_price" time="0.050" /><testcase classname="tests.test_iteration9_features.TestSubscriptionTiers" name="test_tiers_have_features" time="0.050" /><testcase classname="tests.test_iteration9_features.TestMySubscription" name="test_my_subscription_returns_default_explorer" time="0.066" /><testcase classname="tests.test_iteration9_features.TestSubscriptionCheckout" name="test_free_tier_checkout_sets_immediately" time="0.057" /><testcase classname="tests.test_iteration9_features.TestSubscriptionCheckout" name="test_paid_tier_checkout_returns_url" time="0.747" /><testcase classname="tests.test_iteration9_features.TestSubscriptionCheckout" name="test_elder_circle_checkout_returns_url" time="0.446" /><testcase classname="tests.test_iteration9_features.TestSubscriptionCheckout" name="test_invalid_tier_returns_error" time="0.056" /><testcase classname="tests.test_iteration9_features.TestTransactions" name="test_transactions_returns_list" time="0.050" /><testcase classname="tests.test_iteration9_features.TestAnalyticsDashboard" name="test_analytics_requires_faculty" time="0.053" /><testcase classname="tests.test_iteration9_features.TestAnalyticsDashboard" name="test_analytics_returns_overview" time="0.059" /><testcase classname="tests.test_iteration9_features.TestAnalyticsDashboard" name="test_analytics_users_by_role_structure" time="0.060" /><testcase classname="tests.test_iteration9_features.TestAnalyticsDashboard" name="test_analytics_returns_enrollment_stats" time="0.060" /><testcase classname="tests.test_iteration9_features.TestAnalyticsDashboard" name="test_analytics_returns_course_performance" time="0.059" /><testcase classname="tests.test_iteration9_features.TestAnalyticsDashboard" name="test_analytics_returns_cohort_stats" time="0.061" /><testcase classname="tests.test_iteration9_features.TestAnalyticsDashboard" name="test_analytics_returns_community_activity" time="0.057" /><testcase classname="tests.test_iteration9_features.TestSearch" name="test_search_short_query_returns_empty" time="0.054" /><testcase classname="tests.test_iteration9_features.TestSearch" name="test_search_empty_query_returns_empty" time="0.049" /><testcase classname="tests.test_iteration9_features.TestSearch" name="test_search_returns_all_categories" time="0.053" /><testcase classname="tests.test_iteration9_features.TestCourseEditDelete" name="test_course_edit_works_for_owner" time="0.101" /><testcase classname="tests.test_iteration9_features.TestCourseEditDelete" name="test_course_edit_denied_for_non_owner" time="0.102" /><testcase classname="tests.test_iteration9_features.TestCourseEditDelete" name="test_course_delete_works_for_owner" time="0.148" /><testcase classname="tests.test_iteration9_features.TestCourseEditDelete" name="test_course_delete_denied_for_non_owner" time="0.099" /><testcase classname="tests.test_iteration9_features.TestCourseEditDelete" name="test_course_publish_works_for_owner" time="0.100" /><testcase classname="tests.test_iteration9_features.TestCleanup" name="test_cleanup_test_data" time="0.006" /></testsuite></testsuites>