<?xml version="1.0" encoding="utf-8"?><testsuites name="pytest tests"><testsuite name="pytest" errors="0" failures="0" skipped="0" tests="22" time="2.296" timestamp="2026-03-31T06:49:24.087005+00:00" hostname="agent-env-6e21d941-5bb4-4281-aff8-84baba7ac658"><testcase classname="tests.test_iteration13_features.TestCertificatesEndpoints" name="test_my_certificates_requires_auth" time="0.261" /><testcase classname="tests.test_iteration13_features.TestCertificatesEndpoints" name="test_my_certificates_returns_list" time="0.128" /><testcase classname="tests.test_iteration13_features.TestCertificatesEndpoints" name="test_check_certificate_requires_auth" time="0.119" /><testcase classname="tests.test_iteration13_features.TestCertificatesEndpoints" name="test_check_certificate_not_enrolled" time="0.047" /><testcase classname="tests.test_iteration13_features.TestCertificatesEndpoints" name="test_download_certificate_requires_auth" time="0.126" /><testcase classname="tests.test_iteration13_features.TestCertificatesEndpoints" name="test_download_certificate_not_enrolled" time="0.046" /><testcase classname="tests.test_iteration13_features.TestPushNotificationEndpoints" name="test_vapid_key_public" time="0.252" /><testcase classname="tests.test_iteration13_features.TestPushNotificationEndpoints" name="test_push_status_requires_auth" time="0.118" /><testcase classname="tests.test_iteration13_features.TestPushNotificationEndpoints" name="test_push_status_returns_subscribed" time="0.045" /><testcase classname="tests.test_iteration13_features.TestPushNotificationEndpoints" name="test_push_subscribe_requires_auth" time="0.117" /><testcase classname="tests.test_iteration13_features.TestPushNotificationEndpoints" name="test_push_subscribe_requires_subscription_data" time="0.046" /><testcase classname="tests.test_iteration13_features.TestPushNotificationEndpoints" name="test_push_subscribe_accepts_subscription" time="0.046" /><testcase classname="tests.test_iteration13_features.TestPushNotificationEndpoints" name="test_push_unsubscribe" time="0.045" /><testcase classname="tests.test_iteration13_features.TestSearchEndpoint" name="test_search_requires_auth" time="0.125" /><testcase classname="tests.test_iteration13_features.TestSearchEndpoint" name="test_search_returns_structured_results" time="0.050" /><testcase classname="tests.test_iteration13_features.TestSearchEndpoint" name="test_search_short_query_returns_empty" time="0.046" /><testcase classname="tests.test_iteration13_features.TestSearchEndpoint" name="test_search_with_type_filter" time="0.048" /><testcase classname="tests.test_iteration13_features.TestSearchEndpoint" name="test_search_with_sort" time="0.046" /><testcase classname="tests.test_iteration13_features.TestRegressionEndpoints" name="test_root_endpoint" time="0.132" /><testcase classname="tests.test_iteration13_features.TestRegressionEndpoints" name="test_auth_me_requires_auth" time="0.114" /><testcase classname="tests.test_iteration13_features.TestRegressionEndpoints" name="test_auth_me_returns_user" time="0.045" /><testcase classname="tests.test_iteration13_features.TestRegressionEndpoints" name="test_courses_list" time="0.046" /></testsuite></testsuites>