<?xml version="1.0" encoding="utf-8"?><testsuites name="pytest tests"><testsuite name="pytest" errors="0" failures="0" skipped="0" tests="19" time="6.291" timestamp="2026-03-31T03:01:04.694051+00:00" hostname="agent-env-6e21d941-5bb4-4281-aff8-84baba7ac658"><testcase classname="tests.test_live_sessions.TestLiveSessionsCRUD" name="test_faculty_can_create_session" time="0.160" /><testcase classname="tests.test_live_sessions.TestLiveSessionsCRUD" name="test_student_cannot_create_session" time="0.121" /><testcase classname="tests.test_live_sessions.TestLiveSessionsCRUD" name="test_list_all_sessions" time="0.121" /><testcase classname="tests.test_live_sessions.TestLiveSessionsCRUD" name="test_filter_sessions_by_status" time="0.128" /><testcase classname="tests.test_live_sessions.TestLiveSessionsCRUD" name="test_get_single_session" time="0.114" /><testcase classname="tests.test_live_sessions.TestLiveSessionsCRUD" name="test_get_nonexistent_session" time="0.123" /><testcase classname="tests.test_live_sessions.TestLiveSessionsStateManagement" name="test_host_can_start_session" time="0.514" /><testcase classname="tests.test_live_sessions.TestLiveSessionsStateManagement" name="test_non_host_cannot_start_session" time="0.378" /><testcase classname="tests.test_live_sessions.TestLiveSessionsStateManagement" name="test_join_live_session" time="0.511" /><testcase classname="tests.test_live_sessions.TestLiveSessionsStateManagement" name="test_cannot_join_non_live_session_as_non_host" time="0.397" /><testcase classname="tests.test_live_sessions.TestLiveSessionsStateManagement" name="test_host_can_join_scheduled_session" time="0.377" /><testcase classname="tests.test_live_sessions.TestLiveSessionsStateManagement" name="test_host_can_end_session" time="0.659" /><testcase classname="tests.test_live_sessions.TestLiveSessionsStateManagement" name="test_non_host_cannot_end_session" time="0.562" /><testcase classname="tests.test_live_sessions.TestLiveSessionsDelete" name="test_host_can_delete_scheduled_session" time="0.424" /><testcase classname="tests.test_live_sessions.TestLiveSessionsDelete" name="test_host_can_delete_ended_session" time="0.509" /><testcase classname="tests.test_live_sessions.TestLiveSessionsDelete" name="test_non_host_student_cannot_delete" time="0.441" /><testcase classname="tests.test_live_sessions.TestLiveSessionsDelete" name="test_admin_can_delete_any_session" time="0.253" /><testcase classname="tests.test_live_sessions.TestLiveSessionsWithCourse" name="test_create_session_with_course_link" time="0.280" /><testcase classname="tests.test_live_sessions.TestLiveSessionsCleanup" name="test_cleanup_test_data" time="0.002" /></testsuite></testsuites>