<?xml version="1.0" encoding="utf-8"?><testsuites name="pytest tests"><testsuite name="pytest" errors="0" failures="0" skipped="0" tests="15" time="1.557" timestamp="2026-03-31T06:25:12.000882+00:00" hostname="agent-env-6e21d941-5bb4-4281-aff8-84baba7ac658"><testcase classname="tests.test_onboarding_i18n.TestAuthMeEndpoint" name="test_auth_me_requires_session" time="0.158" /><testcase classname="tests.test_onboarding_i18n.TestAuthMeEndpoint" name="test_auth_me_returns_onboarding_fields" time="0.297" /><testcase classname="tests.test_onboarding_i18n.TestOnboardingEndpoint" name="test_onboarding_requires_auth" time="0.114" /><testcase classname="tests.test_onboarding_i18n.TestOnboardingEndpoint" name="test_onboarding_saves_interests" time="0.091" /><testcase classname="tests.test_onboarding_i18n.TestOnboardingEndpoint" name="test_onboarding_with_empty_interests" time="0.053" /><testcase classname="tests.test_onboarding_i18n.TestLanguageEndpoint" name="test_language_requires_auth" time="0.113" /><testcase classname="tests.test_onboarding_i18n.TestLanguageEndpoint" name="test_language_saves_english" time="0.109" /><testcase classname="tests.test_onboarding_i18n.TestLanguageEndpoint" name="test_language_saves_spanish" time="0.047" /><testcase classname="tests.test_onboarding_i18n.TestLanguageEndpoint" name="test_language_saves_yoruba" time="0.044" /><testcase classname="tests.test_onboarding_i18n.TestLanguageEndpoint" name="test_language_rejects_invalid" time="0.045" /><testcase classname="tests.test_onboarding_i18n.TestLanguageEndpoint" name="test_language_rejects_empty" time="0.044" /><testcase classname="tests.test_onboarding_i18n.TestEnrollmentTrendsRegression" name="test_enrollment_trends_requires_auth" time="0.131" /><testcase classname="tests.test_onboarding_i18n.TestEnrollmentTrendsRegression" name="test_enrollment_trends_returns_array" time="0.051" /><testcase classname="tests.test_onboarding_i18n.TestSessionRecordsRegression" name="test_session_records_requires_auth" time="0.117" /><testcase classname="tests.test_onboarding_i18n.TestSessionRecordsRegression" name="test_session_records_returns_list" time="0.047" /></testsuite></testsuites>