<?xml version="1.0" encoding="utf-8"?><testsuites name="pytest tests"><testsuite name="pytest" errors="0" failures="0" skipped="0" tests="19" time="1.746" timestamp="2026-03-31T06:01:42.867246+00:00" hostname="agent-env-6e21d941-5bb4-4281-aff8-84baba7ac658"><testcase classname="tests.test_p2_features.TestEmailNotifications" name="test_email_test_endpoint_requires_auth" time="0.227" /><testcase classname="tests.test_p2_features.TestEmailNotifications" name="test_email_test_endpoint_with_auth" time="0.438" /><testcase classname="tests.test_p2_features.TestSessionRecords" name="test_list_session_records_requires_auth" time="0.050" /><testcase classname="tests.test_p2_features.TestSessionRecords" name="test_list_session_records" time="0.058" /><testcase classname="tests.test_p2_features.TestSessionRecords" name="test_get_session_record_detail" time="0.049" /><testcase classname="tests.test_p2_features.TestSessionRecords" name="test_get_session_record_not_found" time="0.065" /><testcase classname="tests.test_p2_features.TestSessionRecords" name="test_update_session_notes" time="0.103" /><testcase classname="tests.test_p2_features.TestSessionRecords" name="test_update_notes_permission_denied" time="0.067" /><testcase classname="tests.test_p2_features.TestSessionRecords" name="test_export_session_record" time="0.056" /><testcase classname="tests.test_p2_features.TestAnalytics" name="test_analytics_dashboard_requires_auth" time="0.049" /><testcase classname="tests.test_p2_features.TestAnalytics" name="test_analytics_dashboard_requires_faculty" time="0.050" /><testcase classname="tests.test_p2_features.TestAnalytics" name="test_analytics_dashboard_faculty" time="0.060" /><testcase classname="tests.test_p2_features.TestAnalytics" name="test_enrollment_trends_requires_auth" time="0.047" /><testcase classname="tests.test_p2_features.TestAnalytics" name="test_enrollment_trends" time="0.058" /><testcase classname="tests.test_p2_features.TestAnalytics" name="test_enrollment_trends_custom_days" time="0.053" /><testcase classname="tests.test_p2_features.TestAnalytics" name="test_analytics_csv_export" time="0.058" /><testcase classname="tests.test_p2_features.TestAnalytics" name="test_analytics_csv_requires_faculty" time="0.048" /><testcase classname="tests.test_p2_features.TestEnrollmentEmailTrigger" name="test_enrollment_does_not_block" time="0.057" /><testcase classname="tests.test_p2_features.TestCleanup" name="test_cleanup_test_data" time="0.012" /></testsuite></testsuites>