<?xml version="1.0" encoding="utf-8"?><testsuites name="pytest tests"><testsuite name="pytest" errors="0" failures="0" skipped="0" tests="39" time="7.980" timestamp="2026-03-31T02:33:18.938459+00:00" hostname="agent-env-6e21d941-5bb4-4281-aff8-84baba7ac658"><testcase classname="tests.test_ile_ubuntu_api.TestHealthCheck" name="test_root_endpoint" time="0.006" /><testcase classname="tests.test_ile_ubuntu_api.TestAuthEndpoints" name="test_get_me_without_session" time="0.150" /><testcase classname="tests.test_ile_ubuntu_api.TestAuthEndpoints" name="test_get_me_with_valid_session" time="0.135" /><testcase classname="tests.test_ile_ubuntu_api.TestAuthEndpoints" name="test_list_users_as_faculty" time="0.144" /><testcase classname="tests.test_ile_ubuntu_api.TestAuthEndpoints" name="test_list_users_as_student_forbidden" time="0.113" /><testcase classname="tests.test_ile_ubuntu_api.TestAuthEndpoints" name="test_update_role_as_admin" time="0.257" /><testcase classname="tests.test_ile_ubuntu_api.TestAuthEndpoints" name="test_update_role_as_faculty_forbidden" time="0.154" /><testcase classname="tests.test_ile_ubuntu_api.TestCoursesCRUD" name="test_create_course_as_faculty" time="0.257" /><testcase classname="tests.test_ile_ubuntu_api.TestCoursesCRUD" name="test_create_course_as_student_forbidden" time="0.118" /><testcase classname="tests.test_ile_ubuntu_api.TestCoursesCRUD" name="test_list_courses" time="0.269" /><testcase classname="tests.test_ile_ubuntu_api.TestCoursesCRUD" name="test_get_course_by_id" time="0.139" /><testcase classname="tests.test_ile_ubuntu_api.TestCoursesCRUD" name="test_update_course" time="0.138" /><testcase classname="tests.test_ile_ubuntu_api.TestCoursesCRUD" name="test_delete_course" time="0.495" /><testcase classname="tests.test_ile_ubuntu_api.TestCohortsCRUD" name="test_create_cohort_as_faculty" time="0.290" /><testcase classname="tests.test_ile_ubuntu_api.TestCohortsCRUD" name="test_create_cohort_as_student_forbidden" time="0.122" /><testcase classname="tests.test_ile_ubuntu_api.TestCohortsCRUD" name="test_list_cohorts" time="0.255" /><testcase classname="tests.test_ile_ubuntu_api.TestCohortsCRUD" name="test_join_cohort" time="0.134" /><testcase classname="tests.test_ile_ubuntu_api.TestCohortsCRUD" name="test_join_cohort_already_member" time="0.118" /><testcase classname="tests.test_ile_ubuntu_api.TestCohortsCRUD" name="test_leave_cohort" time="0.193" /><testcase classname="tests.test_ile_ubuntu_api.TestCohortsCRUD" name="test_delete_cohort" time="0.402" /><testcase classname="tests.test_ile_ubuntu_api.TestCommunity" name="test_create_post" time="0.261" /><testcase classname="tests.test_ile_ubuntu_api.TestCommunity" name="test_list_posts" time="0.241" /><testcase classname="tests.test_ile_ubuntu_api.TestCommunity" name="test_reply_to_post" time="0.139" /><testcase classname="tests.test_ile_ubuntu_api.TestCommunity" name="test_like_post" time="0.272" /><testcase classname="tests.test_ile_ubuntu_api.TestCommunity" name="test_delete_post_by_author" time="0.397" /><testcase classname="tests.test_ile_ubuntu_api.TestArchives" name="test_create_archive_as_faculty" time="0.269" /><testcase classname="tests.test_ile_ubuntu_api.TestArchives" name="test_create_archive_as_student_forbidden" time="0.120" /><testcase classname="tests.test_ile_ubuntu_api.TestArchives" name="test_list_archives" time="0.300" /><testcase classname="tests.test_ile_ubuntu_api.TestArchives" name="test_delete_archive_as_admin" time="0.269" /><testcase classname="tests.test_ile_ubuntu_api.TestArchives" name="test_delete_archive_as_faculty_forbidden" time="0.287" /><testcase classname="tests.test_ile_ubuntu_api.TestMessages" name="test_send_message" time="0.142" /><testcase classname="tests.test_ile_ubuntu_api.TestMessages" name="test_get_messages" time="0.134" /><testcase classname="tests.test_ile_ubuntu_api.TestMessages" name="test_get_notifications" time="0.132" /><testcase classname="tests.test_ile_ubuntu_api.TestRBAC" name="test_student_cannot_create_course" time="0.150" /><testcase classname="tests.test_ile_ubuntu_api.TestRBAC" name="test_student_cannot_create_cohort" time="0.122" /><testcase classname="tests.test_ile_ubuntu_api.TestRBAC" name="test_student_cannot_create_archive" time="0.119" /><testcase classname="tests.test_ile_ubuntu_api.TestRBAC" name="test_faculty_can_create_course" time="0.239" /><testcase classname="tests.test_ile_ubuntu_api.TestRBAC" name="test_admin_can_create_course" time="0.260" /><testcase classname="tests.test_ile_ubuntu_api.TestCleanup" name="test_cleanup_test_data" time="0.004" /></testsuite></testsuites>