<?xml version="1.0" encoding="utf-8"?><testsuites name="pytest tests"><testsuite name="pytest" errors="0" failures="0" skipped="0" tests="18" time="3.626" timestamp="2026-03-31T05:44:26.106944+00:00" hostname="agent-env-6e21d941-5bb4-4281-aff8-84baba7ac658"><testcase classname="backend.tests.test_tier_gating.TestExplorerTierEnrollmentLimit" name="test_explorer_can_enroll_first_course" time="0.449" /><testcase classname="backend.tests.test_tier_gating.TestExplorerTierEnrollmentLimit" name="test_explorer_can_enroll_second_course" time="0.165" /><testcase classname="backend.tests.test_tier_gating.TestExplorerTierEnrollmentLimit" name="test_explorer_blocked_third_course" time="0.154" /><testcase classname="backend.tests.test_tier_gating.TestFacultyBypassTierRestrictions" name="test_faculty_unlimited_enrollments" time="0.448" /><testcase classname="backend.tests.test_tier_gating.TestCohortTierGating" name="test_explorer_cannot_join_cohort" time="0.107" /><testcase classname="backend.tests.test_tier_gating.TestCohortTierGating" name="test_scholar_can_join_cohort" time="0.103" /><testcase classname="backend.tests.test_tier_gating.TestSpaceTierGating" name="test_explorer_cannot_request_space_access" time="0.107" /><testcase classname="backend.tests.test_tier_gating.TestSpaceTierGating" name="test_scholar_can_request_space_access" time="0.102" /><testcase classname="backend.tests.test_tier_gating.TestLiveSessionTierGating" name="test_explorer_cannot_join_live_session" time="0.153" /><testcase classname="backend.tests.test_tier_gating.TestLiveSessionTierGating" name="test_scholar_cannot_join_live_session" time="0.150" /><testcase classname="backend.tests.test_tier_gating.TestLiveSessionTierGating" name="test_elder_circle_can_join_live_session" time="0.154" /><testcase classname="backend.tests.test_tier_gating.TestArchiveTierGating" name="test_explorer_only_sees_public_archives" time="0.147" /><testcase classname="backend.tests.test_tier_gating.TestArchiveTierGating" name="test_elder_circle_sees_restricted_archives" time="0.100" /><testcase classname="backend.tests.test_tier_gating.TestArchiveTierGating" name="test_faculty_sees_all_archives" time="0.048" /><testcase classname="backend.tests.test_tier_gating.TestMySubscriptionEndpoint" name="test_my_subscription_returns_tier_info" time="0.049" /><testcase classname="backend.tests.test_tier_gating.TestMySubscriptionEndpoint" name="test_faculty_is_bypassed" time="0.049" /><testcase classname="backend.tests.test_tier_gating.TestSubscriptionCheckout" name="test_free_tier_checkout_switches_immediately" time="0.050" /><testcase classname="backend.tests.test_tier_gating.TestCleanup" name="test_cleanup_test_data" time="0.840" /></testsuite></testsuites>